<?xml version="1.0" encoding="UTF-8"?>
<!-- Generated by org.testng.reporters.JUnitXMLReporter -->
<testsuite hostname="ip-172-31-31-82" ignored="2" name="Test" tests="4" failures="0" timestamp="15 Apr 2023 07:13:33 GMT" time="0.056" errors="0">
  <testcase name="test1" time="0.005" classname="testcases.HomeLoanTest"/>
  <testcase name="test2" time="0.001" classname="testcases.HomeLoanTest"/>
  <testcase name="test3" time="0.001" classname="testcases.CarLoanTest"/>
  <testcase name="test4" time="0.001" classname="testcases.CreditCardTest"/>
  <testcase name="@BeforeTest method3" time="0.0" classname="testcases.BaseClass">
    <ignored/>
  </testcase> <!-- @BeforeTest method3 -->
  <testcase name="@AfterTest method4" time="0.0" classname="testcases.BaseClass">
    <ignored/>
  </testcase> <!-- @AfterTest method4 -->
</testsuite> <!-- Test -->
