<?xml version="1.0" encoding="UTF-8"?>
<testng-results skipped="0" failed="0" ignored="3" total="8" passed="5">
  <reporter-output>
  </reporter-output>
  <suite name="Suite" duration-ms="26" started-at="2023-04-16T05:22:49Z" finished-at="2023-04-16T05:22:49Z">
    <groups>
      <group name="regression">
        <method signature="CarLoanTest.test1()[pri:0, instance:testcases.CarLoanTest@26aa12dd]" name="test1" class="testcases.CarLoanTest"/>
      </group> <!-- regression -->
      <group name="sanity">
        <method signature="CarLoanTest.test()[pri:0, instance:testcases.CarLoanTest@26aa12dd]" name="test" class="testcases.CarLoanTest"/>
        <method signature="CreditCardTest.test()[pri:0, instance:testcases.CreditCardTest@3fd7a715]" name="test" class="testcases.CreditCardTest"/>
        <method signature="HomeLoanTest.test1()[pri:0, instance:testcases.HomeLoanTest@131276c2]" name="test1" class="testcases.HomeLoanTest"/>
        <method signature="HomeLoanTest.test()[pri:0, instance:testcases.HomeLoanTest@131276c2]" name="test" class="testcases.HomeLoanTest"/>
      </group> <!-- sanity -->
    </groups>
    <test name="Test" duration-ms="26" started-at="2023-04-16T05:22:49Z" finished-at="2023-04-16T05:22:49Z">
      <class name="testcases.CarLoanTest">
        <test-method status="PASS" signature="method1()[pri:0, instance:testcases.CarLoanTest@26aa12dd]" name="method1" is-config="true" duration-ms="0" started-at="2023-04-16T05:22:49Z" finished-at="2023-04-16T05:22:49Z">
          <reporter-output>
          </reporter-output>
        </test-method> <!-- method1 -->
        <test-method status="PASS" signature="test()[pri:0, instance:testcases.CarLoanTest@26aa12dd]" name="test" duration-ms="0" started-at="2023-04-16T05:22:49Z" finished-at="2023-04-16T05:22:49Z">
          <reporter-output>
          </reporter-output>
        </test-method> <!-- test -->
        <test-method status="PASS" signature="method1()[pri:0, instance:testcases.CarLoanTest@26aa12dd]" name="method1" is-config="true" duration-ms="0" started-at="2023-04-16T05:22:49Z" finished-at="2023-04-16T05:22:49Z">
          <reporter-output>
          </reporter-output>
        </test-method> <!-- method1 -->
        <test-method status="PASS" signature="method2()[pri:0, instance:testcases.CarLoanTest@26aa12dd]" name="method2" is-config="true" duration-ms="0" started-at="2023-04-16T05:22:49Z" finished-at="2023-04-16T05:22:49Z">
          <reporter-output>
          </reporter-output>
        </test-method> <!-- method2 -->
        <test-method status="PASS" signature="test1()[pri:0, instance:testcases.CarLoanTest@26aa12dd]" name="test1" duration-ms="0" started-at="2023-04-16T05:22:49Z" finished-at="2023-04-16T05:22:49Z">
          <reporter-output>
          </reporter-output>
        </test-method> <!-- test1 -->
        <test-method status="PASS" signature="method2()[pri:0, instance:testcases.CarLoanTest@26aa12dd]" name="method2" is-config="true" duration-ms="0" started-at="2023-04-16T05:22:49Z" finished-at="2023-04-16T05:22:49Z">
          <reporter-output>
          </reporter-output>
        </test-method> <!-- method2 -->
      </class> <!-- testcases.CarLoanTest -->
      <class name="testcases.CreditCardTest">
        <test-method status="PASS" signature="test()[pri:0, instance:testcases.CreditCardTest@3fd7a715]" name="test" duration-ms="0" started-at="2023-04-16T05:22:49Z" finished-at="2023-04-16T05:22:49Z">
          <reporter-output>
          </reporter-output>
        </test-method> <!-- test -->
      </class> <!-- testcases.CreditCardTest -->
      <class name="testcases.HomeLoanTest">
        <test-method status="PASS" signature="before()[pri:0, instance:testcases.HomeLoanTest@131276c2]" name="before" is-config="true" duration-ms="8" started-at="2023-04-16T05:22:49Z" finished-at="2023-04-16T05:22:49Z">
          <reporter-output>
          </reporter-output>
        </test-method> <!-- before -->
        <test-method status="PASS" signature="method1()[pri:0, instance:testcases.HomeLoanTest@131276c2]" name="method1" is-config="true" duration-ms="0" started-at="2023-04-16T05:22:49Z" finished-at="2023-04-16T05:22:49Z">
          <reporter-output>
          </reporter-output>
        </test-method> <!-- method1 -->
        <test-method status="PASS" signature="test1()[pri:0, instance:testcases.HomeLoanTest@131276c2]" name="test1" duration-ms="0" started-at="2023-04-16T05:22:49Z" finished-at="2023-04-16T05:22:49Z">
          <reporter-output>
          </reporter-output>
        </test-method> <!-- test1 -->
        <test-method status="PASS" signature="method2()[pri:0, instance:testcases.HomeLoanTest@131276c2]" name="method2" is-config="true" duration-ms="0" started-at="2023-04-16T05:22:49Z" finished-at="2023-04-16T05:22:49Z">
          <reporter-output>
          </reporter-output>
        </test-method> <!-- method2 -->
        <test-method status="PASS" signature="method1()[pri:0, instance:testcases.HomeLoanTest@131276c2]" name="method1" is-config="true" duration-ms="0" started-at="2023-04-16T05:22:49Z" finished-at="2023-04-16T05:22:49Z">
          <reporter-output>
          </reporter-output>
        </test-method> <!-- method1 -->
        <test-method status="PASS" signature="test()[pri:0, instance:testcases.HomeLoanTest@131276c2]" name="test" duration-ms="0" started-at="2023-04-16T05:22:49Z" depends-on-methods="testcases.HomeLoanTest.test1" finished-at="2023-04-16T05:22:49Z">
          <reporter-output>
          </reporter-output>
        </test-method> <!-- test -->
        <test-method status="PASS" signature="method2()[pri:0, instance:testcases.HomeLoanTest@131276c2]" name="method2" is-config="true" duration-ms="0" started-at="2023-04-16T05:22:49Z" finished-at="2023-04-16T05:22:49Z">
          <reporter-output>
          </reporter-output>
        </test-method> <!-- method2 -->
        <test-method status="PASS" signature="after()[pri:0, instance:testcases.HomeLoanTest@131276c2]" name="after" is-config="true" duration-ms="0" started-at="2023-04-16T05:22:49Z" finished-at="2023-04-16T05:22:49Z">
          <reporter-output>
          </reporter-output>
        </test-method> <!-- after -->
      </class> <!-- testcases.HomeLoanTest -->
    </test> <!-- Test -->
  </suite> <!-- Suite -->
</testng-results>
