<?xml version="1.0" encoding="UTF-8"?>
<testng-results skipped="0" failed="0" ignored="2" total="7" passed="5">
  <reporter-output>
  </reporter-output>
  <suite name="SanitySuite" duration-ms="56" started-at="2023-04-16T05:20:10Z" finished-at="2023-04-16T05:20:10Z">
    <groups>
      <group name="regression">
        <method signature="CarLoanTest.test1()[pri:0, instance:testcases.CarLoanTest@7113b13f]" name="test1" class="testcases.CarLoanTest"/>
      </group> <!-- regression -->
      <group name="sanity">
        <method signature="CarLoanTest.test()[pri:0, instance:testcases.CarLoanTest@7113b13f]" name="test" class="testcases.CarLoanTest"/>
        <method signature="CreditCardTest.test()[pri:0, instance:testcases.CreditCardTest@45820e51]" name="test" class="testcases.CreditCardTest"/>
        <method signature="HomeLoanTest.test1()[pri:0, instance:testcases.HomeLoanTest@60285225]" name="test1" class="testcases.HomeLoanTest"/>
        <method signature="HomeLoanTest.test()[pri:0, instance:testcases.HomeLoanTest@60285225]" name="test" class="testcases.HomeLoanTest"/>
      </group> <!-- sanity -->
    </groups>
    <test name="Test" duration-ms="56" started-at="2023-04-16T05:20:10Z" finished-at="2023-04-16T05:20:10Z">
      <class name="testcases.CarLoanTest">
        <test-method status="PASS" signature="test()[pri:0, instance:testcases.CarLoanTest@7113b13f]" name="test" duration-ms="1" started-at="2023-04-16T05:20:10Z" finished-at="2023-04-16T05:20:10Z">
          <reporter-output>
          </reporter-output>
        </test-method> <!-- test -->
        <test-method status="PASS" signature="test1()[pri:0, instance:testcases.CarLoanTest@7113b13f]" name="test1" duration-ms="1" started-at="2023-04-16T05:20:10Z" finished-at="2023-04-16T05:20:10Z">
          <reporter-output>
          </reporter-output>
        </test-method> <!-- test1 -->
      </class> <!-- testcases.CarLoanTest -->
      <class name="testcases.CreditCardTest">
        <test-method status="PASS" signature="test()[pri:0, instance:testcases.CreditCardTest@45820e51]" name="test" duration-ms="1" started-at="2023-04-16T05:20:10Z" finished-at="2023-04-16T05:20:10Z">
          <reporter-output>
          </reporter-output>
        </test-method> <!-- test -->
      </class> <!-- testcases.CreditCardTest -->
      <class name="testcases.HomeLoanTest">
        <test-method status="PASS" signature="before()[pri:0, instance:testcases.HomeLoanTest@60285225]" name="before" is-config="true" duration-ms="10" started-at="2023-04-16T05:20:10Z" finished-at="2023-04-16T05:20:10Z">
          <reporter-output>
          </reporter-output>
        </test-method> <!-- before -->
        <test-method status="PASS" signature="test1()[pri:0, instance:testcases.HomeLoanTest@60285225]" name="test1" duration-ms="4" started-at="2023-04-16T05:20:10Z" finished-at="2023-04-16T05:20:10Z">
          <reporter-output>
          </reporter-output>
        </test-method> <!-- test1 -->
        <test-method status="PASS" signature="test()[pri:0, instance:testcases.HomeLoanTest@60285225]" name="test" duration-ms="1" started-at="2023-04-16T05:20:10Z" depends-on-methods="testcases.HomeLoanTest.test1" finished-at="2023-04-16T05:20:10Z">
          <reporter-output>
          </reporter-output>
        </test-method> <!-- test -->
      </class> <!-- testcases.HomeLoanTest -->
    </test> <!-- Test -->
  </suite> <!-- SanitySuite -->
</testng-results>
